<?xml version="1.0" encoding="UTF-8"?>
<!-- Generated by org.testng.reporters.JUnitReportReporter -->
<testsuite skipped="0" hostname="DESKTOP-6TIT92L" name="com.epr.testcase.TaskTestCases" tests="1" failures="0" timestamp="2020-03-13T15:15:25 IST" time="30.678" errors="0">
  <testcase name="DealPageWork" time="30.678" classname="com.epr.testcase.TaskTestCases"/>
  <system-out/>
</testsuite> <!-- com.epr.testcase.TaskTestCases -->
