<?xml version="1.0" encoding="UTF-8"?>
<!-- Generated by org.testng.reporters.JUnitReportReporter -->
<testsuite hostname="DESKTOP-6TIT92L" name="com.erp.testcase.TestCase" tests="1" failures="0" timestamp="15 Apr 2020 07:38:22 GMT" time="31.894" errors="0">
  <testcase name="search" time="31.894" classname="com.erp.testcase.TestCase"/>
</testsuite> <!-- com.erp.testcase.TestCase -->
