<?xml version="1.0" encoding="UTF-8"?>
<!-- Generated by org.testng.reporters.JUnitReportReporter -->
<testsuite skipped="0" hostname="DESKTOP-6TIT92L" name="com.epr.testcase.DealsTestCases" tests="1" failures="0" timestamp="2020-03-13T15:15:25 IST" time="25.274" errors="0">
  <testcase name="DealPageWork" time="25.274" classname="com.epr.testcase.DealsTestCases"/>
  <system-out/>
</testsuite> <!-- com.epr.testcase.DealsTestCases -->
