<?xml version="1.0" encoding="UTF-8"?>
<!-- Generated by org.testng.reporters.JUnitReportReporter -->
<testsuite skipped="0" hostname="DESKTOP-6TIT92L" name="com.epr.testcase.ContactTestCases" tests="1" failures="0" timestamp="2020-03-13T15:15:25 IST" time="27.000" errors="0">
  <testcase name="contactwork" time="27.000" classname="com.epr.testcase.ContactTestCases"/>
  <system-out/>
</testsuite> <!-- com.epr.testcase.ContactTestCases -->
