<?xml version="1.0" encoding="UTF-8"?>
<!-- Generated by org.testng.reporters.JUnitReportReporter -->
<testsuite skipped="0" hostname="DESKTOP-6TIT92L" name="com.epr.testcase.CompanyTestCases" tests="1" failures="0" timestamp="2020-03-13T15:15:25 IST" time="34.490" errors="0">
  <testcase name="contactwork" time="34.490" classname="com.epr.testcase.CompanyTestCases"/>
  <system-out/>
</testsuite> <!-- com.epr.testcase.CompanyTestCases -->
